#-----------------------------------------------------------
# Vivado v2020.1 (64-bit)
# SW Build 2902540 on Wed May 27 19:54:49 MDT 2020
# IP Build 2902112 on Wed May 27 22:43:36 MDT 2020
# Start of session at: Sat Nov 28 10:04:52 2020
# Process ID: 2160
# Current directory: C:/Users/lsfan/Documents/GitHub/my_chisel/implemented design
# Command line: vivado.exe -gui_launcher_event rodinguilauncherevent12784 C:\Users\lsfan\Documents\GitHub\my_chisel\implemented design\FIR145.dcp
# Log file: C:/Users/lsfan/Documents/GitHub/my_chisel/implemented design/vivado.log
# Journal file: C:/Users/lsfan/Documents/GitHub/my_chisel/implemented design\vivado.jou
#-----------------------------------------------------------
start_gui
open_checkpoint {C:/Users/lsfan/Documents/GitHub/my_chisel/implemented design/FIR145.dcp}
Command: open_checkpoint {C:/Users/lsfan/Documents/GitHub/my_chisel/implemented design/FIR145.dcp}

Starting open_checkpoint Task

Time (s): cpu = 00:00:00 ; elapsed = 00:00:00.036 . Memory (MB): peak = 1113.531 ; gain = 0.000
INFO: [IP_Flow 19-234] Refreshing IP repositories
INFO: [IP_Flow 19-1704] No user IP repositories specified
INFO: [IP_Flow 19-2313] Loaded Vivado IP repository 'C:/Xilinx/Vivado/2020.1/data/ip'.
INFO: [Device 21-403] Loading part xczu7ev-ffvc1156-2-e
Netlist sorting complete. Time (s): cpu = 00:00:00 ; elapsed = 00:00:00.106 . Memory (MB): peak = 2080.535 ; gain = 0.000
INFO: [Netlist 29-17] Analyzing 1038 Unisim elements for replacement
INFO: [Netlist 29-28] Unisim Transformation completed in 3 CPU seconds
WARNING: [Netlist 29-101] Netlist 'FirFilter' is not ideal for floorplanning, since the cellview 'FirFilter' contains a large number of primitives.  Please consider enabling hierarchy in synthesis if you want to do floorplanning.
INFO: [Project 1-479] Netlist was created with Vivado 2020.1
INFO: [Project 1-570] Preparing netlist for logic optimization
Reading XDEF placement.
Reading placer database...
Reading XDEF routing.
Read XDEF File: Time (s): cpu = 00:00:02 ; elapsed = 00:00:02 . Memory (MB): peak = 2184.688 ; gain = 51.449
Restored from archive | CPU: 2.000000 secs | Memory: 0.000000 MB |
Finished XDEF File Restore: Time (s): cpu = 00:00:02 ; elapsed = 00:00:02 . Memory (MB): peak = 2184.688 ; gain = 51.449
Netlist sorting complete. Time (s): cpu = 00:00:00 ; elapsed = 00:00:00.010 . Memory (MB): peak = 2204.281 ; gain = 0.000
INFO: [Project 1-111] Unisim Transformation Summary:
  A total of 174 instances were transformed.
  DSP48E2 => DSP48E2 (DSP_ALU, DSP_A_B_DATA, DSP_C_DATA, DSP_MULTIPLIER, DSP_M_DATA, DSP_OUTPUT, DSP_PREADD, DSP_PREADD_DATA): 145 instances
  IBUF => IBUF (IBUFCTRL, INBUF): 29 instances

INFO: [Project 1-604] Checkpoint was created with Vivado v2020.1 (64-bit) build 2902540
open_checkpoint: Time (s): cpu = 00:00:58 ; elapsed = 00:00:31 . Memory (MB): peak = 2712.176 ; gain = 1598.645
exit
INFO: [Common 17-206] Exiting Vivado at Sat Nov 28 11:23:59 2020...
